<?xml version="1.0" encoding="UTF-8"?>
<!-- Generated by org.testng.reporters.JUnitReportReporter -->
<testsuite hostname="DESKTOP-N2CIL4O" failures="0" tests="5" name="petStoreApiTests.PetStoreApiTests" time="12.707" errors="0" timestamp="2022-12-21T14:18:44 EST" skipped="0">
  <testcase classname="petStoreApiTests.PetStoreApiTests" name="getById" time="2.892"/>
  <system-out/>
  <testcase classname="petStoreApiTests.PetStoreApiTests" name="postACat" time="9.180"/>
  <system-out/>
  <testcase classname="petStoreApiTests.PetStoreApiTests" name="postAPet" time="0.210"/>
  <system-out/>
  <testcase classname="petStoreApiTests.PetStoreApiTests" name="findPetByStatus" time="0.240"/>
  <system-out/>
  <testcase classname="petStoreApiTests.PetStoreApiTests" name="getPetById" time="0.185"/>
  <system-out/>
</testsuite> <!-- petStoreApiTests.PetStoreApiTests -->
